This is pdfTeX, Version 3.14159265-2.6-1.40.21 (TeX Live 2020/W32TeX) (preloaded format=pdflatex 2020.5.25)  31 MAY 2020 01:47
entering extended mode
 restricted \write18 enabled.
 %&-line parsing enabled.
**document.tex
(./document.tex
LaTeX2e <2020-02-02> patch level 5
L3 programming layer <2020-05-15>
(d:/texlive/2020/texmf-dist/tex/latex/base/article.cls
Document Class: article 2019/12/20 v1.4l Standard LaTeX document class
(d:/texlive/2020/texmf-dist/tex/latex/base/size10.clo
File: size10.clo 2019/12/20 v1.4l Standard LaTeX file (size option)
)
\c@part=\count167
\c@section=\count168
\c@subsection=\count169
\c@subsubsection=\count170
\c@paragraph=\count171
\c@subparagraph=\count172
\c@figure=\count173
\c@table=\count174
\abovecaptionskip=\skip47
\belowcaptionskip=\skip48
\bibindent=\dimen134
)
(d:/texlive/2020/texmf-dist/tex/latex/graphics/graphicx.sty
Package: graphicx 2019/11/30 v1.2a Enhanced LaTeX Graphics (DPC,SPQR)

(d:/texlive/2020/texmf-dist/tex/latex/graphics/keyval.sty
Package: keyval 2014/10/28 v1.15 key=value parser (DPC)
\KV@toks@=\toks15
)
(d:/texlive/2020/texmf-dist/tex/latex/graphics/graphics.sty
Package: graphics 2019/11/30 v1.4a Standard LaTeX Graphics (DPC,SPQR)

(d:/texlive/2020/texmf-dist/tex/latex/graphics/trig.sty
Package: trig 2016/01/03 v1.10 sin cos tan (DPC)
)
(d:/texlive/2020/texmf-dist/tex/latex/graphics-cfg/graphics.cfg
File: graphics.cfg 2016/06/04 v1.11 sample graphics configuration
)
Package graphics Info: Driver file: pdftex.def on input line 105.

(d:/texlive/2020/texmf-dist/tex/latex/graphics-def/pdftex.def
File: pdftex.def 2018/01/08 v1.0l Graphics/color driver for pdftex
))
\Gin@req@height=\dimen135
\Gin@req@width=\dimen136
)
(d:/texlive/2020/texmf-dist/tex/latex/pdfpages/pdfpages.sty
Package: pdfpages 2020/01/28 v0.5q Insert pages of external PDF documents (AM)

(d:/texlive/2020/texmf-dist/tex/latex/base/ifthen.sty
Package: ifthen 2014/09/29 v1.1c Standard LaTeX ifthen package (DPC)
)
(d:/texlive/2020/texmf-dist/tex/latex/tools/calc.sty
Package: calc 2017/05/25 v4.3 Infix arithmetic (KKT,FJ)
\calc@Acount=\count175
\calc@Bcount=\count176
\calc@Adimen=\dimen137
\calc@Bdimen=\dimen138
\calc@Askip=\skip49
\calc@Bskip=\skip50
LaTeX Info: Redefining \setlength on input line 80.
LaTeX Info: Redefining \addtolength on input line 81.
\calc@Ccount=\count177
\calc@Cskip=\skip51
)
(d:/texlive/2020/texmf-dist/tex/latex/eso-pic/eso-pic.sty
Package: eso-pic 2018/04/12 v2.0h eso-pic (RN)

(d:/texlive/2020/texmf-dist/tex/generic/atbegshi/atbegshi.sty
Package: atbegshi 2019/12/05 v1.19 At begin shipout hook (HO)

(d:/texlive/2020/texmf-dist/tex/generic/infwarerr/infwarerr.sty
Package: infwarerr 2019/12/03 v1.5 Providing info/warning/error messages (HO)
)
(d:/texlive/2020/texmf-dist/tex/generic/ltxcmds/ltxcmds.sty
Package: ltxcmds 2019/12/15 v1.24 LaTeX kernel commands for general use (HO)
)
(d:/texlive/2020/texmf-dist/tex/generic/iftex/iftex.sty
Package: iftex 2020/03/06 v1.0d TeX engine tests
))
(d:/texlive/2020/texmf-dist/tex/latex/xcolor/xcolor.sty
Package: xcolor 2016/05/11 v2.12 LaTeX color extensions (UK)

(d:/texlive/2020/texmf-dist/tex/latex/graphics-cfg/color.cfg
File: color.cfg 2016/01/02 v1.6 sample color configuration
)
Package xcolor Info: Driver file: pdftex.def on input line 225.
Package xcolor Info: Model `cmy' substituted by `cmy0' on input line 1348.
Package xcolor Info: Model `hsb' substituted by `rgb' on input line 1352.
Package xcolor Info: Model `RGB' extended on input line 1364.
Package xcolor Info: Model `HTML' substituted by `rgb' on input line 1366.
Package xcolor Info: Model `Hsb' substituted by `hsb' on input line 1367.
Package xcolor Info: Model `tHsb' substituted by `hsb' on input line 1368.
Package xcolor Info: Model `HSB' substituted by `hsb' on input line 1369.
Package xcolor Info: Model `Gray' substituted by `gray' on input line 1370.
Package xcolor Info: Model `wave' substituted by `hsb' on input line 1371.
))
\AM@pagewidth=\dimen139
\AM@pageheight=\dimen140

(d:/texlive/2020/texmf-dist/tex/latex/pdfpages/pppdftex.def
File: pppdftex.def 2020/01/28 v0.5q Pdfpages driver for pdfTeX (AM)
)
\AM@pagebox=\box45
\AM@global@opts=\toks16
\AM@pagecnt=\count178
\AM@toc@title=\toks17
\c@AM@survey=\count179
\AM@templatesizebox=\box46
)
(d:/texlive/2020/texmf-dist/tex/latex/l3backend/l3backend-pdfmode.def
File: l3backend-pdfmode.def 2020-05-05 L3 backend support: PDF mode
\l__kernel_color_stack_int=\count180
\l__pdf_internal_box=\box47
)
(./document.aux)
\openout1 = `document.aux'.

LaTeX Font Info:    Checking defaults for OML/cmm/m/it on input line 10.
LaTeX Font Info:    ... okay on input line 10.
LaTeX Font Info:    Checking defaults for OMS/cmsy/m/n on input line 10.
LaTeX Font Info:    ... okay on input line 10.
LaTeX Font Info:    Checking defaults for OT1/cmr/m/n on input line 10.
LaTeX Font Info:    ... okay on input line 10.
LaTeX Font Info:    Checking defaults for T1/cmr/m/n on input line 10.
LaTeX Font Info:    ... okay on input line 10.
LaTeX Font Info:    Checking defaults for TS1/cmr/m/n on input line 10.
LaTeX Font Info:    ... okay on input line 10.
LaTeX Font Info:    Checking defaults for OMX/cmex/m/n on input line 10.
LaTeX Font Info:    ... okay on input line 10.
LaTeX Font Info:    Checking defaults for U/cmr/m/n on input line 10.
LaTeX Font Info:    ... okay on input line 10.

(d:/texlive/2020/texmf-dist/tex/context/base/mkii/supp-pdf.mkii
[Loading MPS to PDF converter (version 2006.09.02).]
\scratchcounter=\count181
\scratchdimen=\dimen141
\scratchbox=\box48
\nofMPsegments=\count182
\nofMParguments=\count183
\everyMPshowfont=\toks18
\MPscratchCnt=\count184
\MPscratchDim=\dimen142
\MPnumerator=\count185
\makeMPintoPDFobject=\count186
\everyMPtoPDFconversion=\toks19
) (d:/texlive/2020/texmf-dist/tex/latex/epstopdf-pkg/epstopdf-base.sty
Package: epstopdf-base 2020-01-24 v2.11 Base part for package epstopdf
Package epstopdf-base Info: Redefining graphics rule for `.eps' on input line 4
85.

(d:/texlive/2020/texmf-dist/tex/latex/latexconfig/epstopdf-sys.cfg
File: epstopdf-sys.cfg 2010/07/13 v1.3 Configuration of (r)epstopdf for TeX Liv
e
))
\AtBeginShipoutBox=\box49

(d:/texlive/2020/texmf-dist/tex/latex/pdflscape/pdflscape.sty
Package: pdflscape 2019/12/05 v0.12 Display of landscape pages in PDF (HO)

(d:/texlive/2020/texmf-dist/tex/latex/graphics/lscape.sty
Package: lscape 2000/10/22 v3.01 Landscape Pages (DPC)
)
Package pdflscape Info: Auto-detected driver: pdftex on input line 81.
)
LaTeX Font Info:    External font `cmex10' loaded for size
(Font)              <12> on input line 11.
LaTeX Font Info:    External font `cmex10' loaded for size
(Font)              <8> on input line 11.
LaTeX Font Info:    External font `cmex10' loaded for size
(Font)              <6> on input line 11.


pdfTeX warning: pdflatex.exe (file ./sml1.pdf): PDF inclusion: found PDF versio
n <1.6>, but at most version <1.5> allowed
<sml1.pdf, id=1, 597.45204pt x 845.1575pt>
File: sml1.pdf Graphic file (type pdf)
<use sml1.pdf>
Package pdftex.def Info: sml1.pdf  used on input line 13.
(pdftex.def)             Requested size: 597.45058pt x 845.15544pt.


pdfTeX warning: pdflatex.exe (file ./sml1.pdf): PDF inclusion: found PDF versio
n <1.6>, but at most version <1.5> allowed
File: sml1.pdf Graphic file (type pdf)
<use sml1.pdf>
Package pdftex.def Info: sml1.pdf  used on input line 13.
(pdftex.def)             Requested size: 597.45058pt x 845.15544pt.


pdfTeX warning: pdflatex.exe (file ./sml1.pdf): PDF inclusion: found PDF versio
n <1.6>, but at most version <1.5> allowed
File: sml1.pdf Graphic file (type pdf)
<use sml1.pdf>
Package pdftex.def Info: sml1.pdf  used on input line 13.
(pdftex.def)             Requested size: 597.45058pt x 845.15544pt.


pdfTeX warning: pdflatex.exe (file ./sml1.pdf): PDF inclusion: found PDF versio
n <1.6>, but at most version <1.5> allowed
File: sml1.pdf Graphic file (type pdf)
<use sml1.pdf>
Package pdftex.def Info: sml1.pdf  used on input line 13.
(pdftex.def)             Requested size: 597.45058pt x 845.15544pt.


pdfTeX warning: pdflatex.exe (file ./sml1.pdf): PDF inclusion: found PDF versio
n <1.6>, but at most version <1.5> allowed


pdfTeX warning: pdflatex.exe (file ./sml1.pdf): PDF inclusion: found PDF versio
n <1.6>, but at most version <1.5> allowed
<sml1.pdf, id=6, page=1, 597.45204pt x 845.1575pt>
File: sml1.pdf Graphic file (type pdf)
<use sml1.pdf, page 1>
Package pdftex.def Info: sml1.pdf , page1 used on input line 13.
(pdftex.def)             Requested size: 597.45058pt x 845.15544pt.
File: sml1.pdf Graphic file (type pdf)
<use sml1.pdf, page 1>
Package pdftex.def Info: sml1.pdf , page1 used on input line 13.
(pdftex.def)             Requested size: 562.06993pt x 795.10587pt.
[1

{d:/texlive/2020/texmf-var/fonts/map/pdftex/updmap/pdftex.map}]
File: sml1.pdf Graphic file (type pdf)
<use sml1.pdf, page 1>
Package pdftex.def Info: sml1.pdf , page1 used on input line 13.
(pdftex.def)             Requested size: 562.06993pt x 795.10587pt.
File: sml1.pdf Graphic file (type pdf)
<use sml1.pdf, page 1>
Package pdftex.def Info: sml1.pdf , page1 used on input line 13.
(pdftex.def)             Requested size: 562.06993pt x 795.10587pt.
File: sml1.pdf Graphic file (type pdf)
<use sml1.pdf, page 1>
Package pdftex.def Info: sml1.pdf , page1 used on input line 13.
(pdftex.def)             Requested size: 562.06993pt x 795.10587pt.
 [2 <./sml1.pdf>]

pdfTeX warning: pdflatex.exe (file ./sml1.pdf): PDF inclusion: found PDF versio
n <1.6>, but at most version <1.5> allowed
<sml1.pdf, id=33, page=2, 597.45204pt x 845.1575pt>
File: sml1.pdf Graphic file (type pdf)
<use sml1.pdf, page 2>
Package pdftex.def Info: sml1.pdf , page2 used on input line 13.
(pdftex.def)             Requested size: 562.06993pt x 795.10587pt.
File: sml1.pdf Graphic file (type pdf)
<use sml1.pdf, page 2>
Package pdftex.def Info: sml1.pdf , page2 used on input line 13.
(pdftex.def)             Requested size: 562.06993pt x 795.10587pt.
File: sml1.pdf Graphic file (type pdf)
<use sml1.pdf, page 2>
Package pdftex.def Info: sml1.pdf , page2 used on input line 13.
(pdftex.def)             Requested size: 562.06993pt x 795.10587pt.
[3 <./sml1.pdf>]

pdfTeX warning: pdflatex.exe (file ./sml1.pdf): PDF inclusion: found PDF versio
n <1.6>, but at most version <1.5> allowed
<sml1.pdf, id=37, page=3, 597.45204pt x 845.1575pt>
File: sml1.pdf Graphic file (type pdf)
<use sml1.pdf, page 3>
Package pdftex.def Info: sml1.pdf , page3 used on input line 13.
(pdftex.def)             Requested size: 562.06993pt x 795.10587pt.
File: sml1.pdf Graphic file (type pdf)
<use sml1.pdf, page 3>
Package pdftex.def Info: sml1.pdf , page3 used on input line 13.
(pdftex.def)             Requested size: 562.06993pt x 795.10587pt.
File: sml1.pdf Graphic file (type pdf)
<use sml1.pdf, page 3>
Package pdftex.def Info: sml1.pdf , page3 used on input line 13.
(pdftex.def)             Requested size: 562.06993pt x 795.10587pt.
[4 <./sml1.pdf>]
LaTeX Font Info:    External font `cmex10' loaded for size
(Font)              <7> on input line 30.
LaTeX Font Info:    External font `cmex10' loaded for size
(Font)              <5> on input line 30.

Overfull \hbox (149.3194pt too wide) detected at line 36
\OML/cmm/m/it/10 var\OT1/cmr/m/n/10 (\OML/cmm/m/it/10 A\OT1/cmr/m/n/10 ) = []
 []

[5]
<1590578111(1).png, id=51, 301.125pt x 249.18094pt>
File: 1590578111(1).png Graphic file (type png)
<use 1590578111(1).png>
Package pdftex.def Info: 1590578111(1).png  used on input line 55.
(pdftex.def)             Requested size: 180.67638pt x 149.5097pt.
<1590578087(1).png, id=53, 208.52907pt x 323.70938pt>
File: 1590578087(1).png Graphic file (type png)
<use 1590578087(1).png>
Package pdftex.def Info: 1590578087(1).png  used on input line 56.
(pdftex.def)             Requested size: 125.1184pt x 194.22713pt.

Overfull \hbox (6.37816pt too wide) in paragraph at lines 55--58
[] [] \OT1/cmr/m/n/10 The third
 []

[6 <./1590578111(1).png> <./1590578087(1).png>] [7]
<1590807226(1).png, id=64, 450.9347pt x 629.35126pt>
File: 1590807226(1).png Graphic file (type png)
<use 1590807226(1).png>
Package pdftex.def Info: 1590807226(1).png  used on input line 85.
(pdftex.def)             Requested size: 270.5629pt x 377.61366pt.
<1590807235(1).png, id=65, 363.60844pt x 585.68813pt>
File: 1590807235(1).png Graphic file (type png)
<use 1590807235(1).png>
Package pdftex.def Info: 1590807235(1).png  used on input line 86.
(pdftex.def)             Requested size: 218.16673pt x 351.41559pt.
<1590807273(1).png, id=66, 376.40625pt x 220.57407pt>
File: 1590807273(1).png Graphic file (type png)
<use 1590807273(1).png>
Package pdftex.def Info: 1590807273(1).png  used on input line 87.
(pdftex.def)             Requested size: 225.84547pt x 132.34544pt.

Overfull \hbox (145.95184pt too wide) in paragraph at lines 85--88
[] []
 []

[8]
Overfull \hbox (8.66745pt too wide) in paragraph at lines 89--94
[]\OT1/cmr/m/n/10 in step 4642 we achieve x=[0.99999785 1.0000044 0.999994 1.00
00042 0.9999955
 []


Overfull \hbox (20.55656pt too wide) in paragraph at lines 89--94
\OT1/cmr/m/n/10 0.9995723 0.9991493 0.9982871 0.9965756 0.9931411 0.9862981 0.9
727148 0.94603527]
 []

[9 <./1590807226(1).png> <./1590807235(1).png> <./1590807273(1).png>] [10]
(./document.aux) ) 
Here is how much of TeX's memory you used:
 2743 strings out of 480476
 40040 string characters out of 5903481
 283194 words of memory out of 5000000
 18753 multiletter control sequences out of 15000+600000
 536593 words of font info for 38 fonts, out of 8000000 for 9000
 1141 hyphenation exceptions out of 8191
 40i,18n,46p,239b,429s stack positions out of 5000i,500n,10000p,200000b,80000s
<d:/texlive/2020/texmf-dist/fonts/type1/public/amsfonts/cm/cm
bx10.pfb><d:/texlive/2020/texmf-dist/fonts/type1/public/amsfonts/cm/cmbx12.pfb>
<d:/texlive/2020/texmf-dist/fonts/type1/public/amsfonts/cm/cmex10.pfb><d:/texli
ve/2020/texmf-dist/fonts/type1/public/amsfonts/cm/cmmi10.pfb><d:/texlive/2020/t
exmf-dist/fonts/type1/public/amsfonts/cm/cmmi5.pfb><d:/texlive/2020/texmf-dist/
fonts/type1/public/amsfonts/cm/cmmi7.pfb><d:/texlive/2020/texmf-dist/fonts/type
1/public/amsfonts/cm/cmr10.pfb><d:/texlive/2020/texmf-dist/fonts/type1/public/a
msfonts/cm/cmr12.pfb><d:/texlive/2020/texmf-dist/fonts/type1/public/amsfonts/cm
/cmr17.pfb><d:/texlive/2020/texmf-dist/fonts/type1/public/amsfonts/cm/cmr7.pfb>
<d:/texlive/2020/texmf-dist/fonts/type1/public/amsfonts/cm/cmsy10.pfb><d:/texli
ve/2020/texmf-dist/fonts/type1/public/amsfonts/cm/cmsy7.pfb>
Output written on document.pdf (10 pages, 2325572 bytes).
PDF statistics:
 118 PDF objects out of 1000 (max. 8388607)
 69 compressed objects within 1 object stream
 0 named destinations out of 1000 (max. 500000)
 66 words of extra memory for PDF output out of 10000 (max. 10000000)

